[18-Dec-2023 15:43:06 UTC] PHP Fatal error:  Allowed memory size of 268435456 bytes exhausted (tried to allocate 262144 bytes) in C:\MAMP\htdocs\Bricotips\wp-includes\functions.php on line 5373
[18-Dec-2023 15:43:15 UTC] PHP Fatal error:  Allowed memory size of 268435456 bytes exhausted (tried to allocate 262144 bytes) in C:\MAMP\htdocs\Bricotips\wp-includes\functions.php on line 5373
[18-Dec-2023 15:43:30 UTC] PHP Fatal error:  Uncaught Error: Call to undefined function wp_ob_end_flush() in C:\MAMP\htdocs\Bricotips\wp-includes\functions.php:5373
Stack trace:
#0 C:\MAMP\htdocs\Bricotips\wp-includes\class-wp-hook.php(324): wp_ob_end_flush_all('')
#1 C:\MAMP\htdocs\Bricotips\wp-includes\class-wp-hook.php(348): WP_Hook->apply_filters(NULL, Array)
#2 C:\MAMP\htdocs\Bricotips\wp-includes\plugin.php(517): WP_Hook->do_action(Array)
#3 C:\MAMP\htdocs\Bricotips\wp-includes\load.php(1260): do_action('shutdown')
#4 [internal function]: shutdown_action_hook()
#5 {main}
  thrown in C:\MAMP\htdocs\Bricotips\wp-includes\functions.php on line 5373
[18-Dec-2023 15:43:32 UTC] PHP Fatal error:  Uncaught Error: Call to undefined function wp_ob_end_flush() in C:\MAMP\htdocs\Bricotips\wp-includes\functions.php:5373
Stack trace:
#0 C:\MAMP\htdocs\Bricotips\wp-includes\class-wp-hook.php(324): wp_ob_end_flush_all('')
#1 C:\MAMP\htdocs\Bricotips\wp-includes\class-wp-hook.php(348): WP_Hook->apply_filters(NULL, Array)
#2 C:\MAMP\htdocs\Bricotips\wp-includes\plugin.php(517): WP_Hook->do_action(Array)
#3 C:\MAMP\htdocs\Bricotips\wp-includes\load.php(1260): do_action('shutdown')
#4 [internal function]: shutdown_action_hook()
#5 {main}
  thrown in C:\MAMP\htdocs\Bricotips\wp-includes\functions.php on line 5373
[18-Dec-2023 15:43:36 UTC] PHP Fatal error:  Uncaught Error: Call to undefined function wp_ob_end_flush() in C:\MAMP\htdocs\Bricotips\wp-includes\functions.php:5373
Stack trace:
#0 C:\MAMP\htdocs\Bricotips\wp-includes\class-wp-hook.php(324): wp_ob_end_flush_all('')
#1 C:\MAMP\htdocs\Bricotips\wp-includes\class-wp-hook.php(348): WP_Hook->apply_filters(NULL, Array)
#2 C:\MAMP\htdocs\Bricotips\wp-includes\plugin.php(517): WP_Hook->do_action(Array)
#3 C:\MAMP\htdocs\Bricotips\wp-includes\load.php(1260): do_action('shutdown')
#4 [internal function]: shutdown_action_hook()
#5 {main}
  thrown in C:\MAMP\htdocs\Bricotips\wp-includes\functions.php on line 5373
[18-Dec-2023 15:43:51 UTC] PHP Fatal error:  Uncaught Error: Call to undefined function wp_ob_end_flush() in C:\MAMP\htdocs\Bricotips\wp-includes\functions.php:5373
Stack trace:
#0 C:\MAMP\htdocs\Bricotips\wp-includes\class-wp-hook.php(324): wp_ob_end_flush_all('')
#1 C:\MAMP\htdocs\Bricotips\wp-includes\class-wp-hook.php(348): WP_Hook->apply_filters(NULL, Array)
#2 C:\MAMP\htdocs\Bricotips\wp-includes\plugin.php(517): WP_Hook->do_action(Array)
#3 C:\MAMP\htdocs\Bricotips\wp-includes\load.php(1260): do_action('shutdown')
#4 [internal function]: shutdown_action_hook()
#5 {main}
  thrown in C:\MAMP\htdocs\Bricotips\wp-includes\functions.php on line 5373
[18-Dec-2023 15:43:53 UTC] PHP Fatal error:  Uncaught Error: Call to undefined function wp_ob_end_flush() in C:\MAMP\htdocs\Bricotips\wp-includes\functions.php:5373
Stack trace:
#0 C:\MAMP\htdocs\Bricotips\wp-includes\class-wp-hook.php(324): wp_ob_end_flush_all('')
#1 C:\MAMP\htdocs\Bricotips\wp-includes\class-wp-hook.php(348): WP_Hook->apply_filters(NULL, Array)
#2 C:\MAMP\htdocs\Bricotips\wp-includes\plugin.php(517): WP_Hook->do_action(Array)
#3 C:\MAMP\htdocs\Bricotips\wp-includes\load.php(1260): do_action('shutdown')
#4 [internal function]: shutdown_action_hook()
#5 {main}
  thrown in C:\MAMP\htdocs\Bricotips\wp-includes\functions.php on line 5373
[18-Dec-2023 15:43:57 UTC] PHP Fatal error:  Uncaught Error: Call to undefined function wp_ob_end_flush() in C:\MAMP\htdocs\Bricotips\wp-includes\functions.php:5373
Stack trace:
#0 C:\MAMP\htdocs\Bricotips\wp-includes\class-wp-hook.php(324): wp_ob_end_flush_all('')
#1 C:\MAMP\htdocs\Bricotips\wp-includes\class-wp-hook.php(348): WP_Hook->apply_filters(NULL, Array)
#2 C:\MAMP\htdocs\Bricotips\wp-includes\plugin.php(517): WP_Hook->do_action(Array)
#3 C:\MAMP\htdocs\Bricotips\wp-includes\load.php(1260): do_action('shutdown')
#4 [internal function]: shutdown_action_hook()
#5 {main}
  thrown in C:\MAMP\htdocs\Bricotips\wp-includes\functions.php on line 5373
[18-Dec-2023 15:44:15 UTC] PHP Parse error:  syntax error, unexpected '}' in C:\MAMP\htdocs\Bricotips\wp-includes\functions.php on line 5374
[18-Dec-2023 15:44:15 UTC] PHP Parse error:  syntax error, unexpected '}' in C:\MAMP\htdocs\Bricotips\wp-includes\functions.php on line 5374
[18-Dec-2023 15:44:15 UTC] PHP Fatal error:  Exception thrown without a stack frame in Unknown on line 0
[18-Dec-2023 15:44:17 UTC] PHP Parse error:  syntax error, unexpected '}' in C:\MAMP\htdocs\Bricotips\wp-includes\functions.php on line 5374
[18-Dec-2023 15:44:17 UTC] PHP Parse error:  syntax error, unexpected '}' in C:\MAMP\htdocs\Bricotips\wp-includes\functions.php on line 5374
[18-Dec-2023 15:44:17 UTC] PHP Fatal error:  Exception thrown without a stack frame in Unknown on line 0
[18-Dec-2023 15:44:25 UTC] PHP Fatal error:  Uncaught Error: Call to undefined function wp_ob_end_flush() in C:\MAMP\htdocs\Bricotips\wp-includes\functions.php:5373
Stack trace:
#0 C:\MAMP\htdocs\Bricotips\wp-includes\class-wp-hook.php(324): wp_ob_end_flush_all('')
#1 C:\MAMP\htdocs\Bricotips\wp-includes\class-wp-hook.php(348): WP_Hook->apply_filters(NULL, Array)
#2 C:\MAMP\htdocs\Bricotips\wp-includes\plugin.php(517): WP_Hook->do_action(Array)
#3 C:\MAMP\htdocs\Bricotips\wp-includes\load.php(1260): do_action('shutdown')
#4 [internal function]: shutdown_action_hook()
#5 {main}
  thrown in C:\MAMP\htdocs\Bricotips\wp-includes\functions.php on line 5373
[18-Dec-2023 15:45:17 UTC] PHP Fatal error:  Uncaught Error: Call to undefined function wp_ob_end_flush() in C:\MAMP\htdocs\Bricotips\wp-includes\functions.php:5373
Stack trace:
#0 C:\MAMP\htdocs\Bricotips\wp-includes\class-wp-hook.php(324): wp_ob_end_flush_all('')
#1 C:\MAMP\htdocs\Bricotips\wp-includes\class-wp-hook.php(348): WP_Hook->apply_filters(NULL, Array)
#2 C:\MAMP\htdocs\Bricotips\wp-includes\plugin.php(517): WP_Hook->do_action(Array)
#3 C:\MAMP\htdocs\Bricotips\wp-includes\load.php(1260): do_action('shutdown')
#4 [internal function]: shutdown_action_hook()
#5 {main}
  thrown in C:\MAMP\htdocs\Bricotips\wp-includes\functions.php on line 5373
[18-Dec-2023 15:45:17 UTC] PHP Fatal error:  Uncaught Error: Call to undefined function wp_ob_end_flush() in C:\MAMP\htdocs\Bricotips\wp-includes\functions.php:5373
Stack trace:
#0 C:\MAMP\htdocs\Bricotips\wp-includes\class-wp-hook.php(324): wp_ob_end_flush_all('')
#1 C:\MAMP\htdocs\Bricotips\wp-includes\class-wp-hook.php(348): WP_Hook->apply_filters(NULL, Array)
#2 C:\MAMP\htdocs\Bricotips\wp-includes\plugin.php(517): WP_Hook->do_action(Array)
#3 C:\MAMP\htdocs\Bricotips\wp-includes\load.php(1260): do_action('shutdown')
#4 [internal function]: shutdown_action_hook()
#5 {main}
  thrown in C:\MAMP\htdocs\Bricotips\wp-includes\functions.php on line 5373
[18-Dec-2023 15:45:19 UTC] PHP Fatal error:  Uncaught Error: Call to undefined function wp_ob_end_flush() in C:\MAMP\htdocs\Bricotips\wp-includes\functions.php:5373
Stack trace:
#0 C:\MAMP\htdocs\Bricotips\wp-includes\class-wp-hook.php(324): wp_ob_end_flush_all('')
#1 C:\MAMP\htdocs\Bricotips\wp-includes\class-wp-hook.php(348): WP_Hook->apply_filters(NULL, Array)
#2 C:\MAMP\htdocs\Bricotips\wp-includes\plugin.php(517): WP_Hook->do_action(Array)
#3 C:\MAMP\htdocs\Bricotips\wp-includes\load.php(1260): do_action('shutdown')
#4 [internal function]: shutdown_action_hook()
#5 {main}
  thrown in C:\MAMP\htdocs\Bricotips\wp-includes\functions.php on line 5373
[18-Dec-2023 15:45:20 UTC] PHP Fatal error:  Uncaught Error: Call to undefined function wp_ob_end_flush() in C:\MAMP\htdocs\Bricotips\wp-includes\functions.php:5373
Stack trace:
#0 C:\MAMP\htdocs\Bricotips\wp-includes\class-wp-hook.php(324): wp_ob_end_flush_all('')
#1 C:\MAMP\htdocs\Bricotips\wp-includes\class-wp-hook.php(348): WP_Hook->apply_filters('', Array)
#2 C:\MAMP\htdocs\Bricotips\wp-includes\plugin.php(517): WP_Hook->do_action(Array)
#3 C:\MAMP\htdocs\Bricotips\wp-includes\load.php(1260): do_action('shutdown')
#4 [internal function]: shutdown_action_hook()
#5 {main}
  thrown in C:\MAMP\htdocs\Bricotips\wp-includes\functions.php on line 5373
[18-Dec-2023 15:45:22 UTC] PHP Fatal error:  Uncaught Error: Call to undefined function wp_ob_end_flush() in C:\MAMP\htdocs\Bricotips\wp-includes\functions.php:5373
Stack trace:
#0 C:\MAMP\htdocs\Bricotips\wp-includes\class-wp-hook.php(324): wp_ob_end_flush_all('')
#1 C:\MAMP\htdocs\Bricotips\wp-includes\class-wp-hook.php(348): WP_Hook->apply_filters('', Array)
#2 C:\MAMP\htdocs\Bricotips\wp-includes\plugin.php(517): WP_Hook->do_action(Array)
#3 C:\MAMP\htdocs\Bricotips\wp-includes\load.php(1260): do_action('shutdown')
#4 [internal function]: shutdown_action_hook()
#5 {main}
  thrown in C:\MAMP\htdocs\Bricotips\wp-includes\functions.php on line 5373
[18-Dec-2023 15:45:22 UTC] PHP Fatal error:  Uncaught Error: Call to undefined function wp_ob_end_flush() in C:\MAMP\htdocs\Bricotips\wp-includes\functions.php:5373
Stack trace:
#0 C:\MAMP\htdocs\Bricotips\wp-includes\class-wp-hook.php(324): wp_ob_end_flush_all('')
#1 C:\MAMP\htdocs\Bricotips\wp-includes\class-wp-hook.php(348): WP_Hook->apply_filters(NULL, Array)
#2 C:\MAMP\htdocs\Bricotips\wp-includes\plugin.php(517): WP_Hook->do_action(Array)
#3 C:\MAMP\htdocs\Bricotips\wp-includes\load.php(1260): do_action('shutdown')
#4 [internal function]: shutdown_action_hook()
#5 {main}
  thrown in C:\MAMP\htdocs\Bricotips\wp-includes\functions.php on line 5373
[18-Dec-2023 15:45:40 UTC] PHP Notice:  ob_end_flush(): failed to send buffer of zlib output compression (1) in C:\MAMP\htdocs\Bricotips\wp-includes\functions.php on line 5373
[18-Dec-2023 15:45:40 UTC] PHP Notice:  ob_end_flush(): failed to send buffer of zlib output compression (1) in C:\MAMP\htdocs\Bricotips\wp-includes\functions.php on line 5373
[18-Dec-2023 15:57:51 UTC] PHP Notice:  ob_end_flush(): failed to send buffer of zlib output compression (1) in C:\MAMP\htdocs\Bricotips\wp-includes\functions.php on line 5373
[18-Dec-2023 15:57:51 UTC] PHP Notice:  ob_end_flush(): failed to send buffer of zlib output compression (1) in C:\MAMP\htdocs\Bricotips\wp-includes\functions.php on line 5373
[18-Dec-2023 15:58:02 UTC] PHP Notice:  ob_end_flush(): failed to send buffer of zlib output compression (1) in C:\MAMP\htdocs\Bricotips\wp-includes\functions.php on line 5373
[18-Dec-2023 15:58:02 UTC] PHP Notice:  ob_end_flush(): failed to send buffer of zlib output compression (1) in C:\MAMP\htdocs\Bricotips\wp-includes\functions.php on line 5373
[18-Dec-2023 15:58:05 UTC] PHP Notice:  ob_end_flush(): failed to send buffer of zlib output compression (1) in C:\MAMP\htdocs\Bricotips\wp-includes\functions.php on line 5373
[18-Dec-2023 15:58:05 UTC] PHP Notice:  ob_end_flush(): failed to send buffer of zlib output compression (1) in C:\MAMP\htdocs\Bricotips\wp-includes\functions.php on line 5373
[18-Dec-2023 15:58:18 UTC] PHP Notice:  ob_end_flush(): failed to send buffer of zlib output compression (1) in C:\MAMP\htdocs\Bricotips\wp-includes\functions.php on line 5373
[18-Dec-2023 15:58:18 UTC] PHP Notice:  ob_end_flush(): failed to send buffer of zlib output compression (1) in C:\MAMP\htdocs\Bricotips\wp-includes\functions.php on line 5373
[18-Dec-2023 15:58:19 UTC] PHP Notice:  ob_end_flush(): failed to send buffer of zlib output compression (1) in C:\MAMP\htdocs\Bricotips\wp-includes\functions.php on line 5373
[18-Dec-2023 15:58:19 UTC] PHP Notice:  ob_end_flush(): failed to send buffer of zlib output compression (1) in C:\MAMP\htdocs\Bricotips\wp-includes\functions.php on line 5373
[18-Dec-2023 15:58:19 UTC] PHP Notice:  ob_end_flush(): failed to send buffer of zlib output compression (1) in C:\MAMP\htdocs\Bricotips\wp-includes\functions.php on line 5373
[18-Dec-2023 15:58:19 UTC] PHP Notice:  ob_end_flush(): failed to send buffer of zlib output compression (1) in C:\MAMP\htdocs\Bricotips\wp-includes\functions.php on line 5373
[18-Dec-2023 15:58:41 UTC] PHP Notice:  ob_end_flush(): failed to send buffer of zlib output compression (1) in C:\MAMP\htdocs\Bricotips\wp-includes\functions.php on line 5373
[18-Dec-2023 15:58:41 UTC] PHP Notice:  ob_end_flush(): failed to send buffer of zlib output compression (1) in C:\MAMP\htdocs\Bricotips\wp-includes\functions.php on line 5373
[19-Dec-2023 10:12:00 UTC] PHP Notice:  ob_end_flush(): failed to send buffer of zlib output compression (1) in C:\MAMP\htdocs\Bricotips\wp-includes\functions.php on line 5373
[19-Dec-2023 10:12:00 UTC] PHP Notice:  ob_end_flush(): failed to send buffer of zlib output compression (1) in C:\MAMP\htdocs\Bricotips\wp-includes\functions.php on line 5373
[19-Dec-2023 10:12:10 UTC] PHP Notice:  ob_end_flush(): failed to send buffer of zlib output compression (1) in C:\MAMP\htdocs\Bricotips\wp-includes\functions.php on line 5373
[19-Dec-2023 10:12:10 UTC] PHP Notice:  ob_end_flush(): failed to send buffer of zlib output compression (1) in C:\MAMP\htdocs\Bricotips\wp-includes\functions.php on line 5373
[19-Dec-2023 10:12:10 UTC] PHP Notice:  ob_end_flush(): failed to send buffer of zlib output compression (1) in C:\MAMP\htdocs\Bricotips\wp-includes\functions.php on line 5373
[19-Dec-2023 10:12:10 UTC] PHP Notice:  ob_end_flush(): failed to send buffer of zlib output compression (1) in C:\MAMP\htdocs\Bricotips\wp-includes\functions.php on line 5373
[19-Dec-2023 10:12:11 UTC] PHP Notice:  ob_end_flush(): failed to send buffer of zlib output compression (1) in C:\MAMP\htdocs\Bricotips\wp-includes\functions.php on line 5373
[19-Dec-2023 10:12:11 UTC] PHP Notice:  ob_end_flush(): failed to send buffer of zlib output compression (1) in C:\MAMP\htdocs\Bricotips\wp-includes\functions.php on line 5373
[04-Jan-2024 14:27:26 UTC] PHP Notice:  ob_end_flush(): failed to send buffer of zlib output compression (1) in C:\MAMP\htdocs\Bricotips\wp-includes\functions.php on line 5373
[04-Jan-2024 14:27:26 UTC] PHP Notice:  ob_end_flush(): failed to send buffer of zlib output compression (1) in C:\MAMP\htdocs\Bricotips\wp-includes\functions.php on line 5373
[04-Jan-2024 14:27:41 UTC] PHP Notice:  ob_end_flush(): failed to send buffer of zlib output compression (1) in C:\MAMP\htdocs\Bricotips\wp-includes\functions.php on line 5373
[04-Jan-2024 14:27:41 UTC] PHP Notice:  ob_end_flush(): failed to send buffer of zlib output compression (1) in C:\MAMP\htdocs\Bricotips\wp-includes\functions.php on line 5373
[04-Jan-2024 14:27:41 UTC] PHP Notice:  ob_end_flush(): failed to send buffer of zlib output compression (1) in C:\MAMP\htdocs\Bricotips\wp-includes\functions.php on line 5373
[04-Jan-2024 14:27:41 UTC] PHP Notice:  ob_end_flush(): failed to send buffer of zlib output compression (1) in C:\MAMP\htdocs\Bricotips\wp-includes\functions.php on line 5373
[04-Jan-2024 14:27:41 UTC] PHP Notice:  ob_end_flush(): failed to send buffer of zlib output compression (1) in C:\MAMP\htdocs\Bricotips\wp-includes\functions.php on line 5373
[04-Jan-2024 14:27:41 UTC] PHP Notice:  ob_end_flush(): failed to send buffer of zlib output compression (1) in C:\MAMP\htdocs\Bricotips\wp-includes\functions.php on line 5373
[04-Jan-2024 14:27:41 UTC] PHP Notice:  ob_end_flush(): failed to send buffer of zlib output compression (1) in C:\MAMP\htdocs\Bricotips\wp-includes\functions.php on line 5373
[04-Jan-2024 14:27:41 UTC] PHP Notice:  ob_end_flush(): failed to send buffer of zlib output compression (1) in C:\MAMP\htdocs\Bricotips\wp-includes\functions.php on line 5373
[04-Jan-2024 14:27:43 UTC] PHP Notice:  ob_end_flush(): failed to send buffer of zlib output compression (1) in C:\MAMP\htdocs\Bricotips\wp-includes\functions.php on line 5373
[04-Jan-2024 14:27:43 UTC] PHP Notice:  ob_end_flush(): failed to send buffer of zlib output compression (1) in C:\MAMP\htdocs\Bricotips\wp-includes\functions.php on line 5373
[04-Jan-2024 14:27:45 UTC] PHP Notice:  ob_end_flush(): failed to send buffer of zlib output compression (1) in C:\MAMP\htdocs\Bricotips\wp-includes\functions.php on line 5373
[04-Jan-2024 14:27:45 UTC] PHP Notice:  ob_end_flush(): failed to send buffer of zlib output compression (1) in C:\MAMP\htdocs\Bricotips\wp-includes\functions.php on line 5373
[04-Jan-2024 14:27:47 UTC] PHP Notice:  ob_end_flush(): failed to send buffer of zlib output compression (1) in C:\MAMP\htdocs\Bricotips\wp-includes\functions.php on line 5373
[04-Jan-2024 14:27:47 UTC] PHP Notice:  ob_end_flush(): failed to send buffer of zlib output compression (1) in C:\MAMP\htdocs\Bricotips\wp-includes\functions.php on line 5373
[04-Jan-2024 14:27:49 UTC] PHP Notice:  ob_end_flush(): failed to send buffer of zlib output compression (1) in C:\MAMP\htdocs\Bricotips\wp-includes\functions.php on line 5373
[04-Jan-2024 14:27:49 UTC] PHP Notice:  ob_end_flush(): failed to send buffer of zlib output compression (1) in C:\MAMP\htdocs\Bricotips\wp-includes\functions.php on line 5373
[04-Jan-2024 14:27:53 UTC] PHP Notice:  ob_end_flush(): failed to send buffer of zlib output compression (1) in C:\MAMP\htdocs\Bricotips\wp-includes\functions.php on line 5373
[04-Jan-2024 14:27:53 UTC] PHP Notice:  ob_end_flush(): failed to send buffer of zlib output compression (1) in C:\MAMP\htdocs\Bricotips\wp-includes\functions.php on line 5373
[04-Jan-2024 14:27:54 UTC] PHP Notice:  ob_end_flush(): failed to send buffer of zlib output compression (1) in C:\MAMP\htdocs\Bricotips\wp-includes\functions.php on line 5373
[04-Jan-2024 14:27:54 UTC] PHP Notice:  ob_end_flush(): failed to send buffer of zlib output compression (1) in C:\MAMP\htdocs\Bricotips\wp-includes\functions.php on line 5373
[04-Jan-2024 14:27:54 UTC] PHP Notice:  ob_end_flush(): failed to send buffer of zlib output compression (1) in C:\MAMP\htdocs\Bricotips\wp-includes\functions.php on line 5373
[04-Jan-2024 14:27:54 UTC] PHP Notice:  ob_end_flush(): failed to send buffer of zlib output compression (1) in C:\MAMP\htdocs\Bricotips\wp-includes\functions.php on line 5373
[04-Jan-2024 14:28:06 UTC] PHP Notice:  ob_end_flush(): failed to send buffer of zlib output compression (1) in C:\MAMP\htdocs\Bricotips\wp-includes\functions.php on line 5373
[04-Jan-2024 14:28:06 UTC] PHP Notice:  ob_end_flush(): failed to send buffer of zlib output compression (1) in C:\MAMP\htdocs\Bricotips\wp-includes\functions.php on line 5373
[04-Jan-2024 14:28:44 UTC] PHP Notice:  ob_end_flush(): failed to send buffer of zlib output compression (1) in C:\MAMP\htdocs\Bricotips\wp-includes\functions.php on line 5373
[04-Jan-2024 14:28:44 UTC] PHP Notice:  ob_end_flush(): failed to send buffer of zlib output compression (1) in C:\MAMP\htdocs\Bricotips\wp-includes\functions.php on line 5373
[04-Jan-2024 14:28:46 UTC] PHP Notice:  ob_end_flush(): failed to send buffer of zlib output compression (1) in C:\MAMP\htdocs\Bricotips\wp-includes\functions.php on line 5373
[04-Jan-2024 14:28:46 UTC] PHP Notice:  ob_end_flush(): failed to send buffer of zlib output compression (1) in C:\MAMP\htdocs\Bricotips\wp-includes\functions.php on line 5373
[04-Jan-2024 14:28:52 UTC] PHP Notice:  ob_end_flush(): failed to send buffer of zlib output compression (1) in C:\MAMP\htdocs\Bricotips\wp-includes\functions.php on line 5373
[04-Jan-2024 14:28:52 UTC] PHP Notice:  ob_end_flush(): failed to send buffer of zlib output compression (1) in C:\MAMP\htdocs\Bricotips\wp-includes\functions.php on line 5373
[04-Jan-2024 14:28:54 UTC] PHP Notice:  ob_end_flush(): failed to send buffer of zlib output compression (1) in C:\MAMP\htdocs\Bricotips\wp-includes\functions.php on line 5373
[04-Jan-2024 14:28:54 UTC] PHP Notice:  ob_end_flush(): failed to send buffer of zlib output compression (1) in C:\MAMP\htdocs\Bricotips\wp-includes\functions.php on line 5373
[04-Jan-2024 14:29:01 UTC] PHP Notice:  ob_end_flush(): failed to send buffer of zlib output compression (1) in C:\MAMP\htdocs\Bricotips\wp-includes\functions.php on line 5373
[04-Jan-2024 14:29:01 UTC] PHP Notice:  ob_end_flush(): failed to send buffer of zlib output compression (1) in C:\MAMP\htdocs\Bricotips\wp-includes\functions.php on line 5373
[04-Jan-2024 14:29:08 UTC] PHP Notice:  ob_end_flush(): failed to send buffer of zlib output compression (1) in C:\MAMP\htdocs\Bricotips\wp-includes\functions.php on line 5373
[04-Jan-2024 14:29:08 UTC] PHP Notice:  ob_end_flush(): failed to send buffer of zlib output compression (1) in C:\MAMP\htdocs\Bricotips\wp-includes\functions.php on line 5373
[04-Jan-2024 14:29:11 UTC] PHP Notice:  ob_end_flush(): failed to send buffer of zlib output compression (1) in C:\MAMP\htdocs\Bricotips\wp-includes\functions.php on line 5373
[04-Jan-2024 14:29:11 UTC] PHP Notice:  ob_end_flush(): failed to send buffer of zlib output compression (1) in C:\MAMP\htdocs\Bricotips\wp-includes\functions.php on line 5373
[04-Jan-2024 14:29:14 UTC] PHP Notice:  ob_end_flush(): failed to send buffer of zlib output compression (1) in C:\MAMP\htdocs\Bricotips\wp-includes\functions.php on line 5373
[04-Jan-2024 14:29:14 UTC] PHP Notice:  ob_end_flush(): failed to send buffer of zlib output compression (1) in C:\MAMP\htdocs\Bricotips\wp-includes\functions.php on line 5373
[04-Jan-2024 14:29:15 UTC] PHP Notice:  ob_end_flush(): failed to send buffer of zlib output compression (1) in C:\MAMP\htdocs\Bricotips\wp-includes\functions.php on line 5373
[04-Jan-2024 14:29:15 UTC] PHP Notice:  ob_end_flush(): failed to send buffer of zlib output compression (1) in C:\MAMP\htdocs\Bricotips\wp-includes\functions.php on line 5373
[04-Jan-2024 14:29:28 UTC] PHP Notice:  ob_end_flush(): failed to send buffer of zlib output compression (1) in C:\MAMP\htdocs\Bricotips\wp-includes\functions.php on line 5373
[04-Jan-2024 14:29:28 UTC] PHP Notice:  ob_end_flush(): failed to send buffer of zlib output compression (1) in C:\MAMP\htdocs\Bricotips\wp-includes\functions.php on line 5373
[04-Jan-2024 14:29:33 UTC] PHP Notice:  ob_end_flush(): failed to send buffer of zlib output compression (1) in C:\MAMP\htdocs\Bricotips\wp-includes\functions.php on line 5373
[04-Jan-2024 14:29:33 UTC] PHP Notice:  ob_end_flush(): failed to send buffer of zlib output compression (1) in C:\MAMP\htdocs\Bricotips\wp-includes\functions.php on line 5373
[04-Jan-2024 14:29:37 UTC] PHP Notice:  ob_end_flush(): failed to send buffer of zlib output compression (1) in C:\MAMP\htdocs\Bricotips\wp-includes\functions.php on line 5373
[04-Jan-2024 14:29:37 UTC] PHP Notice:  ob_end_flush(): failed to send buffer of zlib output compression (1) in C:\MAMP\htdocs\Bricotips\wp-includes\functions.php on line 5373
[04-Jan-2024 14:29:37 UTC] PHP Notice:  ob_end_flush(): failed to send buffer of zlib output compression (1) in C:\MAMP\htdocs\Bricotips\wp-includes\functions.php on line 5373
[04-Jan-2024 14:29:37 UTC] PHP Notice:  ob_end_flush(): failed to send buffer of zlib output compression (1) in C:\MAMP\htdocs\Bricotips\wp-includes\functions.php on line 5373
[04-Jan-2024 14:29:38 UTC] PHP Notice:  ob_end_flush(): failed to send buffer of zlib output compression (1) in C:\MAMP\htdocs\Bricotips\wp-includes\functions.php on line 5373
[04-Jan-2024 14:29:38 UTC] PHP Notice:  ob_end_flush(): failed to send buffer of zlib output compression (1) in C:\MAMP\htdocs\Bricotips\wp-includes\functions.php on line 5373
[04-Jan-2024 14:29:45 UTC] PHP Notice:  ob_end_flush(): failed to send buffer of zlib output compression (1) in C:\MAMP\htdocs\Bricotips\wp-includes\functions.php on line 5373
[04-Jan-2024 14:29:45 UTC] PHP Notice:  ob_end_flush(): failed to send buffer of zlib output compression (1) in C:\MAMP\htdocs\Bricotips\wp-includes\functions.php on line 5373
[23-Jan-2024 15:15:27 UTC] PHP Notice:  ob_end_flush(): failed to send buffer of zlib output compression (1) in C:\MAMP\htdocs\Bricotips\wp-includes\functions.php on line 5373
[23-Jan-2024 15:15:27 UTC] PHP Notice:  ob_end_flush(): failed to send buffer of zlib output compression (1) in C:\MAMP\htdocs\Bricotips\wp-includes\functions.php on line 5373
[23-Jan-2024 15:15:42 UTC] PHP Notice:  ob_end_flush(): failed to send buffer of zlib output compression (1) in C:\MAMP\htdocs\Bricotips\wp-includes\functions.php on line 5373
[23-Jan-2024 15:15:42 UTC] PHP Notice:  ob_end_flush(): failed to send buffer of zlib output compression (1) in C:\MAMP\htdocs\Bricotips\wp-includes\functions.php on line 5373
[23-Jan-2024 15:15:43 UTC] PHP Notice:  ob_end_flush(): failed to send buffer of zlib output compression (1) in C:\MAMP\htdocs\Bricotips\wp-includes\functions.php on line 5373
[23-Jan-2024 15:15:43 UTC] PHP Notice:  ob_end_flush(): failed to send buffer of zlib output compression (1) in C:\MAMP\htdocs\Bricotips\wp-includes\functions.php on line 5373
[23-Jan-2024 15:15:43 UTC] PHP Notice:  ob_end_flush(): failed to send buffer of zlib output compression (1) in C:\MAMP\htdocs\Bricotips\wp-includes\functions.php on line 5373
[23-Jan-2024 15:15:43 UTC] PHP Notice:  ob_end_flush(): failed to send buffer of zlib output compression (1) in C:\MAMP\htdocs\Bricotips\wp-includes\functions.php on line 5373
[23-Jan-2024 15:19:34 UTC] PHP Notice:  ob_end_flush(): failed to send buffer of zlib output compression (1) in C:\MAMP\htdocs\Bricotips\wp-includes\functions.php on line 5373
[23-Jan-2024 15:19:34 UTC] PHP Notice:  ob_end_flush(): failed to send buffer of zlib output compression (1) in C:\MAMP\htdocs\Bricotips\wp-includes\functions.php on line 5373
[23-Jan-2024 15:19:38 UTC] PHP Notice:  ob_end_flush(): failed to send buffer of zlib output compression (1) in C:\MAMP\htdocs\Bricotips\wp-includes\functions.php on line 5373
[23-Jan-2024 15:19:38 UTC] PHP Notice:  ob_end_flush(): failed to send buffer of zlib output compression (1) in C:\MAMP\htdocs\Bricotips\wp-includes\functions.php on line 5373
[23-Jan-2024 15:19:41 UTC] PHP Notice:  ob_end_flush(): failed to send buffer of zlib output compression (1) in C:\MAMP\htdocs\Bricotips\wp-includes\functions.php on line 5373
[23-Jan-2024 15:19:41 UTC] PHP Notice:  ob_end_flush(): failed to send buffer of zlib output compression (1) in C:\MAMP\htdocs\Bricotips\wp-includes\functions.php on line 5373
[23-Jan-2024 15:19:42 UTC] PHP Notice:  ob_end_flush(): failed to send buffer of zlib output compression (1) in C:\MAMP\htdocs\Bricotips\wp-includes\functions.php on line 5373
[23-Jan-2024 15:19:42 UTC] PHP Notice:  ob_end_flush(): failed to send buffer of zlib output compression (1) in C:\MAMP\htdocs\Bricotips\wp-includes\functions.php on line 5373
[23-Jan-2024 15:40:07 UTC] PHP Notice:  ob_end_flush(): failed to send buffer of zlib output compression (1) in C:\MAMP\htdocs\Bricotips\wp-includes\functions.php on line 5373
[23-Jan-2024 15:40:07 UTC] PHP Notice:  ob_end_flush(): failed to send buffer of zlib output compression (1) in C:\MAMP\htdocs\Bricotips\wp-includes\functions.php on line 5373
[26-Jan-2024 14:14:12 UTC] PHP Notice:  ob_end_flush(): failed to send buffer of zlib output compression (1) in C:\MAMP\htdocs\Bricotips\wp-includes\functions.php on line 5373
[26-Jan-2024 14:14:12 UTC] PHP Notice:  ob_end_flush(): failed to send buffer of zlib output compression (1) in C:\MAMP\htdocs\Bricotips\wp-includes\functions.php on line 5373
